
 /----------------------------------------------------------------------------\
 |  yosys -- Yosys Open SYnthesis Suite                                       |
 |  Copyright (C) 2012 - 2025  Claire Xenia Wolf <claire@yosyshq.com>         |
 |  Distributed under an ISC-like license, type "license" to see terms        |
 \----------------------------------------------------------------------------/
 Yosys 0.53 (git sha1 53c22ab7c, g++ 13.3.0-6ubuntu2~24.04 -fPIC -O3)

-- Executing script file `yosys.slang.f' --

1. Executing SLANG frontend.
Top level design units:
    top

Build succeeded: 0 errors, 0 warnings

1.1. Executing UNDRIVEN pass. (resolve undriven signals)

1.2. Executing PROC_CLEAN pass (remove empty switches from decision trees).
Found and cleaned up 1 empty switch in `\risk_engine$top.u_risk_engine.$15'.
Removing empty process `risk_engine$top.u_risk_engine.$10'.
Removing empty process `risk_engine$top.u_risk_engine.$7'.
Found and cleaned up 1 empty switch in `\signal_engine$top.u_signal_engine.$11'.
Removing empty process `signal_engine$top.u_signal_engine.$9'.
Removing empty process `signal_engine$top.u_signal_engine.$6'.
Found and cleaned up 1 empty switch in `\feature_engine$top.u_feature_engine.$8'.
Cleaned up 3 empty switches.

1.3. Executing TRIBUF pass.

1.4. Executing PROC_RMDEAD pass (remove dead branches from decision trees).
Marked 3 switch rules as full_case in process $15 in module risk_engine$top.u_risk_engine.
Marked 3 switch rules as full_case in process $11 in module signal_engine$top.u_signal_engine.
Marked 3 switch rules as full_case in process $8 in module feature_engine$top.u_feature_engine.
Removed a total of 0 dead cases.

1.5. Executing PROC_PRUNE pass (remove redundant assignments in processes).
Removed 3 redundant assignments.
Promoted 0 assignments to connections.

1.6. Executing PROC_INIT pass (extract init attributes).

1.7. Executing PROC_ROM pass (convert switches to ROMs).
Converted 0 switches.
<suppressed ~15 debug messages>

1.8. Executing PROC_MUX pass (convert decision trees to multiplexers).
Creating decoders for process `\risk_engine$top.u_risk_engine.$15'.
     1/4: $kill_switch_reg$23
     2/4: $allow_trade_reg$22
     3/4: $out_valid$20
     4/4: $out_valid$21
Creating decoders for process `\signal_engine$top.u_signal_engine.$11'.
     1/3: $signal_reg$18
     2/3: $out_valid$16
     3/3: $out_valid$17
Creating decoders for process `\feature_engine$top.u_feature_engine.$8'.
     1/6: $ema_reg$18
     2/6: $ret_reg$17
     3/6: $ema$16
     4/6: $prev_price$15
     5/6: $out_valid$13
     6/6: $out_valid$14

1.9. Executing PROC_CLEAN pass (remove empty switches from decision trees).
Found and cleaned up 5 empty switches in `\risk_engine$top.u_risk_engine.$15'.
Removing empty process `risk_engine$top.u_risk_engine.$15'.
Found and cleaned up 5 empty switches in `\signal_engine$top.u_signal_engine.$11'.
Removing empty process `signal_engine$top.u_signal_engine.$11'.
Found and cleaned up 5 empty switches in `\feature_engine$top.u_feature_engine.$8'.
Removing empty process `feature_engine$top.u_feature_engine.$8'.
Cleaned up 15 empty switches.

1.10. Executing OPT_EXPR pass (perform const folding).
Optimizing module risk_engine$top.u_risk_engine.
<suppressed ~2 debug messages>
Optimizing module signal_engine$top.u_signal_engine.
<suppressed ~3 debug messages>
Optimizing module feature_engine$top.u_feature_engine.
<suppressed ~2 debug messages>
Optimizing module top.

2. Executing Verilog backend.

2.1. Executing BMUXMAP pass.

2.2. Executing DEMUXMAP pass.
Dumping module `\feature_engine$top.u_feature_engine'.
Dumping module `\risk_engine$top.u_risk_engine'.
Dumping module `\signal_engine$top.u_signal_engine'.
Dumping module `\top'.

4 modules:
  feature_engine$top.u_feature_engine
  risk_engine$top.u_risk_engine
  signal_engine$top.u_signal_engine
  top

End of script. Logfile hash: 8cbfc03266, CPU: user 0.01s system 0.00s, MEM: 24.32 MB peak
Yosys 0.53 (git sha1 53c22ab7c, g++ 13.3.0-6ubuntu2~24.04 -fPIC -O3)
Time spent: 60% 2x read_slang (0 sec), 17% 1x opt_expr (0 sec), ...
INFO: [UNKNOWN] subprocess_run_background: returncode=0
